      1024 ,        8 ,    35.7143 ,  75.88
      1024 ,       32 ,    34.4828 ,  74.90
      1024 ,       64 ,    35.7143 ,  74.51
      1024 ,      128 ,    37.0370 ,  74.61
      4096 ,        8 ,   137.9310 ,  75.78
      4096 ,       32 ,   142.8571 ,  75.88
      4096 ,       64 ,   142.8571 ,  74.37
      4096 ,      128 ,   137.9310 ,  73.83
     16384 ,        8 ,   470.5882 ,  74.16
     16384 ,       32 ,   571.4286 ,  74.58
     16384 ,       64 ,   551.7241 ,  75.01
     16384 ,      128 ,   551.7241 ,  74.38
     65536 ,        8 ,  1187.9351 ,  74.95
     65536 ,       32 ,  1796.4913 ,  74.68
     65536 ,       64 ,  1868.6132 ,  74.75
     65536 ,      128 ,  2091.9305 ,  75.04
    262144 ,        8 ,  2899.8229 ,  74.58
    262144 ,       32 ,  4858.8374 ,  74.76
    262144 ,       64 ,  5136.0500 ,  74.74
    262144 ,      128 ,  5264.7816 ,  74.75
   1048576 ,        8 ,  4136.8514 ,  74.70
   1048576 ,       32 ,  9984.1558 ,  74.75
   1048576 ,       64 , 10227.2161 ,  74.76
   1048576 ,      128 , 10259.2357 ,  74.69
   2097152 ,        8 ,  4375.4841 ,  74.67
   2097152 ,       32 , 11397.5652 ,  74.70
   2097152 ,       64 , 11883.2279 ,  74.68
   2097152 ,      128 , 11961.3067 ,  74.74
