Cuda failure proj05.cu:1: 'CUDA driver version is insufficient for CUDA runtime version'
Cuda failure proj05.cu:2: 'CUDA driver version is insufficient for CUDA runtime version'
Cuda failure proj05.cu:3: 'CUDA driver version is insufficient for CUDA runtime version'
Cuda failure proj05.cu:4: 'CUDA driver version is insufficient for CUDA runtime version'
Cuda failure proj05.cu:5: 'CUDA driver version is insufficient for CUDA runtime version'
Cuda failure proj05.cu:6: 'CUDA driver version is insufficient for CUDA runtime version'
Cuda failure proj05.cu:7: 'CUDA driver version is insufficient for CUDA runtime version'
Number of Trials =       1024, Blocksize =        8, MegaTrials/Second =        inf, Probability =   0.00%
Cuda failure proj05.cu:8: 'CUDA driver version is insufficient for CUDA runtime version'
Cuda failure proj05.cu:1: 'CUDA driver version is insufficient for CUDA runtime version'
Cuda failure proj05.cu:2: 'CUDA driver version is insufficient for CUDA runtime version'
Cuda failure proj05.cu:3: 'CUDA driver version is insufficient for CUDA runtime version'
Cuda failure proj05.cu:4: 'CUDA driver version is insufficient for CUDA runtime version'
Cuda failure proj05.cu:5: 'CUDA driver version is insufficient for CUDA runtime version'
Cuda failure proj05.cu:6: 'CUDA driver version is insufficient for CUDA runtime version'
Cuda failure proj05.cu:7: 'CUDA driver version is insufficient for CUDA runtime version'
Number of Trials =       1024, Blocksize =       32, MegaTrials/Second =        inf, Probability =   0.00%
Cuda failure proj05.cu:8: 'CUDA driver version is insufficient for CUDA runtime version'
Cuda failure proj05.cu:1: 'CUDA driver version is insufficient for CUDA runtime version'
Cuda failure proj05.cu:2: 'CUDA driver version is insufficient for CUDA runtime version'
Cuda failure proj05.cu:3: 'CUDA driver version is insufficient for CUDA runtime version'
Cuda failure proj05.cu:4: 'CUDA driver version is insufficient for CUDA runtime version'
Cuda failure proj05.cu:5: 'CUDA driver version is insufficient for CUDA runtime version'
Cuda failure proj05.cu:6: 'CUDA driver version is insufficient for CUDA runtime version'
Cuda failure proj05.cu:7: 'CUDA driver version is insufficient for CUDA runtime version'
Number of Trials =       1024, Blocksize =       64, MegaTrials/Second =        inf, Probability =   0.00%
Cuda failure proj05.cu:8: 'CUDA driver version is insufficient for CUDA runtime version'
Cuda failure proj05.cu:1: 'CUDA driver version is insufficient for CUDA runtime version'
Cuda failure proj05.cu:2: 'CUDA driver version is insufficient for CUDA runtime version'
Cuda failure proj05.cu:3: 'CUDA driver version is insufficient for CUDA runtime version'
Cuda failure proj05.cu:4: 'CUDA driver version is insufficient for CUDA runtime version'
Cuda failure proj05.cu:5: 'CUDA driver version is insufficient for CUDA runtime version'
Cuda failure proj05.cu:6: 'CUDA driver version is insufficient for CUDA runtime version'
Cuda failure proj05.cu:7: 'CUDA driver version is insufficient for CUDA runtime version'
Number of Trials =       1024, Blocksize =      128, MegaTrials/Second =        inf, Probability =   0.00%
Cuda failure proj05.cu:8: 'CUDA driver version is insufficient for CUDA runtime version'
Cuda failure proj05.cu:1: 'CUDA driver version is insufficient for CUDA runtime version'
Cuda failure proj05.cu:2: 'CUDA driver version is insufficient for CUDA runtime version'
Cuda failure proj05.cu:3: 'CUDA driver version is insufficient for CUDA runtime version'
Cuda failure proj05.cu:4: 'CUDA driver version is insufficient for CUDA runtime version'
Cuda failure proj05.cu:5: 'CUDA driver version is insufficient for CUDA runtime version'
Cuda failure proj05.cu:6: 'CUDA driver version is insufficient for CUDA runtime version'
Cuda failure proj05.cu:7: 'CUDA driver version is insufficient for CUDA runtime version'
Number of Trials =       4096, Blocksize =        8, MegaTrials/Second =        inf, Probability =   0.00%
Cuda failure proj05.cu:8: 'CUDA driver version is insufficient for CUDA runtime version'
Cuda failure proj05.cu:1: 'CUDA driver version is insufficient for CUDA runtime version'
Cuda failure proj05.cu:2: 'CUDA driver version is insufficient for CUDA runtime version'
Cuda failure proj05.cu:3: 'CUDA driver version is insufficient for CUDA runtime version'
Cuda failure proj05.cu:4: 'CUDA driver version is insufficient for CUDA runtime version'
Cuda failure proj05.cu:5: 'CUDA driver version is insufficient for CUDA runtime version'
Cuda failure proj05.cu:6: 'CUDA driver version is insufficient for CUDA runtime version'
Cuda failure proj05.cu:7: 'CUDA driver version is insufficient for CUDA runtime version'
Number of Trials =       4096, Blocksize =       32, MegaTrials/Second =        inf, Probability =   0.00%
Cuda failure proj05.cu:8: 'CUDA driver version is insufficient for CUDA runtime version'
Cuda failure proj05.cu:1: 'CUDA driver version is insufficient for CUDA runtime version'
Cuda failure proj05.cu:2: 'CUDA driver version is insufficient for CUDA runtime version'
Cuda failure proj05.cu:3: 'CUDA driver version is insufficient for CUDA runtime version'
Cuda failure proj05.cu:4: 'CUDA driver version is insufficient for CUDA runtime version'
Cuda failure proj05.cu:5: 'CUDA driver version is insufficient for CUDA runtime version'
Cuda failure proj05.cu:6: 'CUDA driver version is insufficient for CUDA runtime version'
Cuda failure proj05.cu:7: 'CUDA driver version is insufficient for CUDA runtime version'
Number of Trials =       4096, Blocksize =       64, MegaTrials/Second =        inf, Probability =   0.00%
Cuda failure proj05.cu:8: 'CUDA driver version is insufficient for CUDA runtime version'
Cuda failure proj05.cu:1: 'CUDA driver version is insufficient for CUDA runtime version'
Cuda failure proj05.cu:2: 'CUDA driver version is insufficient for CUDA runtime version'
Cuda failure proj05.cu:3: 'CUDA driver version is insufficient for CUDA runtime version'
Cuda failure proj05.cu:4: 'CUDA driver version is insufficient for CUDA runtime version'
Cuda failure proj05.cu:5: 'CUDA driver version is insufficient for CUDA runtime version'
Cuda failure proj05.cu:6: 'CUDA driver version is insufficient for CUDA runtime version'
Cuda failure proj05.cu:7: 'CUDA driver version is insufficient for CUDA runtime version'
Number of Trials =       4096, Blocksize =      128, MegaTrials/Second =        inf, Probability =   0.00%
Cuda failure proj05.cu:8: 'CUDA driver version is insufficient for CUDA runtime version'
Cuda failure proj05.cu:1: 'CUDA driver version is insufficient for CUDA runtime version'
Cuda failure proj05.cu:2: 'CUDA driver version is insufficient for CUDA runtime version'
Cuda failure proj05.cu:3: 'CUDA driver version is insufficient for CUDA runtime version'
Cuda failure proj05.cu:4: 'CUDA driver version is insufficient for CUDA runtime version'
Cuda failure proj05.cu:5: 'CUDA driver version is insufficient for CUDA runtime version'
Cuda failure proj05.cu:6: 'CUDA driver version is insufficient for CUDA runtime version'
Cuda failure proj05.cu:7: 'CUDA driver version is insufficient for CUDA runtime version'
Number of Trials =      16384, Blocksize =        8, MegaTrials/Second =        inf, Probability =   0.00%
Cuda failure proj05.cu:8: 'CUDA driver version is insufficient for CUDA runtime version'
Cuda failure proj05.cu:1: 'CUDA driver version is insufficient for CUDA runtime version'
Cuda failure proj05.cu:2: 'CUDA driver version is insufficient for CUDA runtime version'
Cuda failure proj05.cu:3: 'CUDA driver version is insufficient for CUDA runtime version'
Cuda failure proj05.cu:4: 'CUDA driver version is insufficient for CUDA runtime version'
Cuda failure proj05.cu:5: 'CUDA driver version is insufficient for CUDA runtime version'
Cuda failure proj05.cu:6: 'CUDA driver version is insufficient for CUDA runtime version'
Cuda failure proj05.cu:7: 'CUDA driver version is insufficient for CUDA runtime version'
Number of Trials =      16384, Blocksize =       32, MegaTrials/Second =        inf, Probability =   0.00%
Cuda failure proj05.cu:8: 'CUDA driver version is insufficient for CUDA runtime version'
Cuda failure proj05.cu:1: 'CUDA driver version is insufficient for CUDA runtime version'
Cuda failure proj05.cu:2: 'CUDA driver version is insufficient for CUDA runtime version'
Cuda failure proj05.cu:3: 'CUDA driver version is insufficient for CUDA runtime version'
Cuda failure proj05.cu:4: 'CUDA driver version is insufficient for CUDA runtime version'
Cuda failure proj05.cu:5: 'CUDA driver version is insufficient for CUDA runtime version'
Cuda failure proj05.cu:6: 'CUDA driver version is insufficient for CUDA runtime version'
Cuda failure proj05.cu:7: 'CUDA driver version is insufficient for CUDA runtime version'
Number of Trials =      16384, Blocksize =       64, MegaTrials/Second =        inf, Probability =   0.00%
Cuda failure proj05.cu:8: 'CUDA driver version is insufficient for CUDA runtime version'
Cuda failure proj05.cu:1: 'CUDA driver version is insufficient for CUDA runtime version'
Cuda failure proj05.cu:2: 'CUDA driver version is insufficient for CUDA runtime version'
Cuda failure proj05.cu:3: 'CUDA driver version is insufficient for CUDA runtime version'
Cuda failure proj05.cu:4: 'CUDA driver version is insufficient for CUDA runtime version'
Cuda failure proj05.cu:5: 'CUDA driver version is insufficient for CUDA runtime version'
Cuda failure proj05.cu:6: 'CUDA driver version is insufficient for CUDA runtime version'
Cuda failure proj05.cu:7: 'CUDA driver version is insufficient for CUDA runtime version'
Number of Trials =      16384, Blocksize =      128, MegaTrials/Second =        inf, Probability =   0.00%
Cuda failure proj05.cu:8: 'CUDA driver version is insufficient for CUDA runtime version'
Cuda failure proj05.cu:1: 'CUDA driver version is insufficient for CUDA runtime version'
Cuda failure proj05.cu:2: 'CUDA driver version is insufficient for CUDA runtime version'
Cuda failure proj05.cu:3: 'CUDA driver version is insufficient for CUDA runtime version'
Cuda failure proj05.cu:4: 'CUDA driver version is insufficient for CUDA runtime version'
Cuda failure proj05.cu:5: 'CUDA driver version is insufficient for CUDA runtime version'
Cuda failure proj05.cu:6: 'CUDA driver version is insufficient for CUDA runtime version'
Cuda failure proj05.cu:7: 'CUDA driver version is insufficient for CUDA runtime version'
Number of Trials =      65536, Blocksize =        8, MegaTrials/Second =        inf, Probability =   0.00%
Cuda failure proj05.cu:8: 'CUDA driver version is insufficient for CUDA runtime version'
Cuda failure proj05.cu:1: 'CUDA driver version is insufficient for CUDA runtime version'
Cuda failure proj05.cu:2: 'CUDA driver version is insufficient for CUDA runtime version'
Cuda failure proj05.cu:3: 'CUDA driver version is insufficient for CUDA runtime version'
Cuda failure proj05.cu:4: 'CUDA driver version is insufficient for CUDA runtime version'
Cuda failure proj05.cu:5: 'CUDA driver version is insufficient for CUDA runtime version'
Cuda failure proj05.cu:6: 'CUDA driver version is insufficient for CUDA runtime version'
Cuda failure proj05.cu:7: 'CUDA driver version is insufficient for CUDA runtime version'
Number of Trials =      65536, Blocksize =       32, MegaTrials/Second =        inf, Probability =   0.00%
Cuda failure proj05.cu:8: 'CUDA driver version is insufficient for CUDA runtime version'
Cuda failure proj05.cu:1: 'CUDA driver version is insufficient for CUDA runtime version'
Cuda failure proj05.cu:2: 'CUDA driver version is insufficient for CUDA runtime version'
Cuda failure proj05.cu:3: 'CUDA driver version is insufficient for CUDA runtime version'
Cuda failure proj05.cu:4: 'CUDA driver version is insufficient for CUDA runtime version'
Cuda failure proj05.cu:5: 'CUDA driver version is insufficient for CUDA runtime version'
Cuda failure proj05.cu:6: 'CUDA driver version is insufficient for CUDA runtime version'
Cuda failure proj05.cu:7: 'CUDA driver version is insufficient for CUDA runtime version'
Number of Trials =      65536, Blocksize =       64, MegaTrials/Second =        inf, Probability =   0.00%
Cuda failure proj05.cu:8: 'CUDA driver version is insufficient for CUDA runtime version'
Cuda failure proj05.cu:1: 'CUDA driver version is insufficient for CUDA runtime version'
Cuda failure proj05.cu:2: 'CUDA driver version is insufficient for CUDA runtime version'
Cuda failure proj05.cu:3: 'CUDA driver version is insufficient for CUDA runtime version'
Cuda failure proj05.cu:4: 'CUDA driver version is insufficient for CUDA runtime version'
Cuda failure proj05.cu:5: 'CUDA driver version is insufficient for CUDA runtime version'
Cuda failure proj05.cu:6: 'CUDA driver version is insufficient for CUDA runtime version'
Cuda failure proj05.cu:7: 'CUDA driver version is insufficient for CUDA runtime version'
Number of Trials =      65536, Blocksize =      128, MegaTrials/Second =        inf, Probability =   0.00%
Cuda failure proj05.cu:8: 'CUDA driver version is insufficient for CUDA runtime version'
Cuda failure proj05.cu:1: 'CUDA driver version is insufficient for CUDA runtime version'
Cuda failure proj05.cu:2: 'CUDA driver version is insufficient for CUDA runtime version'
Cuda failure proj05.cu:3: 'CUDA driver version is insufficient for CUDA runtime version'
Cuda failure proj05.cu:4: 'CUDA driver version is insufficient for CUDA runtime version'
Cuda failure proj05.cu:5: 'CUDA driver version is insufficient for CUDA runtime version'
Cuda failure proj05.cu:6: 'CUDA driver version is insufficient for CUDA runtime version'
Cuda failure proj05.cu:7: 'CUDA driver version is insufficient for CUDA runtime version'
Number of Trials =     262144, Blocksize =        8, MegaTrials/Second =        inf, Probability =   0.00%
Cuda failure proj05.cu:8: 'CUDA driver version is insufficient for CUDA runtime version'
Cuda failure proj05.cu:1: 'CUDA driver version is insufficient for CUDA runtime version'
Cuda failure proj05.cu:2: 'CUDA driver version is insufficient for CUDA runtime version'
Cuda failure proj05.cu:3: 'CUDA driver version is insufficient for CUDA runtime version'
Cuda failure proj05.cu:4: 'CUDA driver version is insufficient for CUDA runtime version'
Cuda failure proj05.cu:5: 'CUDA driver version is insufficient for CUDA runtime version'
Cuda failure proj05.cu:6: 'CUDA driver version is insufficient for CUDA runtime version'
Cuda failure proj05.cu:7: 'CUDA driver version is insufficient for CUDA runtime version'
Number of Trials =     262144, Blocksize =       32, MegaTrials/Second =        inf, Probability =   0.00%
Cuda failure proj05.cu:8: 'CUDA driver version is insufficient for CUDA runtime version'
Cuda failure proj05.cu:1: 'CUDA driver version is insufficient for CUDA runtime version'
Cuda failure proj05.cu:2: 'CUDA driver version is insufficient for CUDA runtime version'
Cuda failure proj05.cu:3: 'CUDA driver version is insufficient for CUDA runtime version'
Cuda failure proj05.cu:4: 'CUDA driver version is insufficient for CUDA runtime version'
Cuda failure proj05.cu:5: 'CUDA driver version is insufficient for CUDA runtime version'
Cuda failure proj05.cu:6: 'CUDA driver version is insufficient for CUDA runtime version'
Cuda failure proj05.cu:7: 'CUDA driver version is insufficient for CUDA runtime version'
Number of Trials =     262144, Blocksize =       64, MegaTrials/Second =        inf, Probability =   0.00%
Cuda failure proj05.cu:8: 'CUDA driver version is insufficient for CUDA runtime version'
Cuda failure proj05.cu:1: 'CUDA driver version is insufficient for CUDA runtime version'
Cuda failure proj05.cu:2: 'CUDA driver version is insufficient for CUDA runtime version'
Cuda failure proj05.cu:3: 'CUDA driver version is insufficient for CUDA runtime version'
Cuda failure proj05.cu:4: 'CUDA driver version is insufficient for CUDA runtime version'
Cuda failure proj05.cu:5: 'CUDA driver version is insufficient for CUDA runtime version'
Cuda failure proj05.cu:6: 'CUDA driver version is insufficient for CUDA runtime version'
Cuda failure proj05.cu:7: 'CUDA driver version is insufficient for CUDA runtime version'
Number of Trials =     262144, Blocksize =      128, MegaTrials/Second =        inf, Probability =   0.00%
Cuda failure proj05.cu:8: 'CUDA driver version is insufficient for CUDA runtime version'
Cuda failure proj05.cu:1: 'CUDA driver version is insufficient for CUDA runtime version'
Cuda failure proj05.cu:2: 'CUDA driver version is insufficient for CUDA runtime version'
Cuda failure proj05.cu:3: 'CUDA driver version is insufficient for CUDA runtime version'
Cuda failure proj05.cu:4: 'CUDA driver version is insufficient for CUDA runtime version'
Cuda failure proj05.cu:5: 'CUDA driver version is insufficient for CUDA runtime version'
Cuda failure proj05.cu:6: 'CUDA driver version is insufficient for CUDA runtime version'
Cuda failure proj05.cu:7: 'CUDA driver version is insufficient for CUDA runtime version'
Number of Trials =    1048576, Blocksize =        8, MegaTrials/Second =        inf, Probability =   0.00%
Cuda failure proj05.cu:8: 'CUDA driver version is insufficient for CUDA runtime version'
Cuda failure proj05.cu:1: 'CUDA driver version is insufficient for CUDA runtime version'
Cuda failure proj05.cu:2: 'CUDA driver version is insufficient for CUDA runtime version'
Cuda failure proj05.cu:3: 'CUDA driver version is insufficient for CUDA runtime version'
Cuda failure proj05.cu:4: 'CUDA driver version is insufficient for CUDA runtime version'
Cuda failure proj05.cu:5: 'CUDA driver version is insufficient for CUDA runtime version'
Cuda failure proj05.cu:6: 'CUDA driver version is insufficient for CUDA runtime version'
Cuda failure proj05.cu:7: 'CUDA driver version is insufficient for CUDA runtime version'
Number of Trials =    1048576, Blocksize =       32, MegaTrials/Second =        inf, Probability =   0.00%
Cuda failure proj05.cu:8: 'CUDA driver version is insufficient for CUDA runtime version'
Cuda failure proj05.cu:1: 'CUDA driver version is insufficient for CUDA runtime version'
Cuda failure proj05.cu:2: 'CUDA driver version is insufficient for CUDA runtime version'
Cuda failure proj05.cu:3: 'CUDA driver version is insufficient for CUDA runtime version'
Cuda failure proj05.cu:4: 'CUDA driver version is insufficient for CUDA runtime version'
Cuda failure proj05.cu:5: 'CUDA driver version is insufficient for CUDA runtime version'
Cuda failure proj05.cu:6: 'CUDA driver version is insufficient for CUDA runtime version'
Cuda failure proj05.cu:7: 'CUDA driver version is insufficient for CUDA runtime version'
Number of Trials =    1048576, Blocksize =       64, MegaTrials/Second =        inf, Probability =   0.00%
Cuda failure proj05.cu:8: 'CUDA driver version is insufficient for CUDA runtime version'
Cuda failure proj05.cu:1: 'CUDA driver version is insufficient for CUDA runtime version'
Cuda failure proj05.cu:2: 'CUDA driver version is insufficient for CUDA runtime version'
Cuda failure proj05.cu:3: 'CUDA driver version is insufficient for CUDA runtime version'
Cuda failure proj05.cu:4: 'CUDA driver version is insufficient for CUDA runtime version'
Cuda failure proj05.cu:5: 'CUDA driver version is insufficient for CUDA runtime version'
Cuda failure proj05.cu:6: 'CUDA driver version is insufficient for CUDA runtime version'
Cuda failure proj05.cu:7: 'CUDA driver version is insufficient for CUDA runtime version'
Number of Trials =    1048576, Blocksize =      128, MegaTrials/Second =        inf, Probability =   0.00%
Cuda failure proj05.cu:8: 'CUDA driver version is insufficient for CUDA runtime version'
Cuda failure proj05.cu:1: 'CUDA driver version is insufficient for CUDA runtime version'
Cuda failure proj05.cu:2: 'CUDA driver version is insufficient for CUDA runtime version'
Cuda failure proj05.cu:3: 'CUDA driver version is insufficient for CUDA runtime version'
Cuda failure proj05.cu:4: 'CUDA driver version is insufficient for CUDA runtime version'
Cuda failure proj05.cu:5: 'CUDA driver version is insufficient for CUDA runtime version'
Cuda failure proj05.cu:6: 'CUDA driver version is insufficient for CUDA runtime version'
Cuda failure proj05.cu:7: 'CUDA driver version is insufficient for CUDA runtime version'
Number of Trials =    2097152, Blocksize =        8, MegaTrials/Second =        inf, Probability =   0.00%
Cuda failure proj05.cu:8: 'CUDA driver version is insufficient for CUDA runtime version'
Cuda failure proj05.cu:1: 'CUDA driver version is insufficient for CUDA runtime version'
Cuda failure proj05.cu:2: 'CUDA driver version is insufficient for CUDA runtime version'
Cuda failure proj05.cu:3: 'CUDA driver version is insufficient for CUDA runtime version'
Cuda failure proj05.cu:4: 'CUDA driver version is insufficient for CUDA runtime version'
Cuda failure proj05.cu:5: 'CUDA driver version is insufficient for CUDA runtime version'
Cuda failure proj05.cu:6: 'CUDA driver version is insufficient for CUDA runtime version'
Cuda failure proj05.cu:7: 'CUDA driver version is insufficient for CUDA runtime version'
Number of Trials =    2097152, Blocksize =       32, MegaTrials/Second =        inf, Probability =   0.00%
Cuda failure proj05.cu:8: 'CUDA driver version is insufficient for CUDA runtime version'
Cuda failure proj05.cu:1: 'CUDA driver version is insufficient for CUDA runtime version'
Cuda failure proj05.cu:2: 'CUDA driver version is insufficient for CUDA runtime version'
Cuda failure proj05.cu:3: 'CUDA driver version is insufficient for CUDA runtime version'
Cuda failure proj05.cu:4: 'CUDA driver version is insufficient for CUDA runtime version'
Cuda failure proj05.cu:5: 'CUDA driver version is insufficient for CUDA runtime version'
Cuda failure proj05.cu:6: 'CUDA driver version is insufficient for CUDA runtime version'
Cuda failure proj05.cu:7: 'CUDA driver version is insufficient for CUDA runtime version'
Number of Trials =    2097152, Blocksize =       64, MegaTrials/Second =        inf, Probability =   0.00%
Cuda failure proj05.cu:8: 'CUDA driver version is insufficient for CUDA runtime version'
Cuda failure proj05.cu:1: 'CUDA driver version is insufficient for CUDA runtime version'
Cuda failure proj05.cu:2: 'CUDA driver version is insufficient for CUDA runtime version'
Cuda failure proj05.cu:3: 'CUDA driver version is insufficient for CUDA runtime version'
Cuda failure proj05.cu:4: 'CUDA driver version is insufficient for CUDA runtime version'
Cuda failure proj05.cu:5: 'CUDA driver version is insufficient for CUDA runtime version'
Cuda failure proj05.cu:6: 'CUDA driver version is insufficient for CUDA runtime version'
Cuda failure proj05.cu:7: 'CUDA driver version is insufficient for CUDA runtime version'
Number of Trials =    2097152, Blocksize =      128, MegaTrials/Second =        inf, Probability =   0.00%
Cuda failure proj05.cu:8: 'CUDA driver version is insufficient for CUDA runtime version'
